<?xml version="1.0" encoding="UTF-8"?>
<testng-results skipped="0" failed="0" ignored="0" total="1" passed="1">
  <reporter-output>
  </reporter-output>
  <suite name="Suite" duration-ms="119" started-at="2019-02-21T00:55:17Z" finished-at="2019-02-21T00:55:17Z">
    <groups>
    </groups>
    <test name="Test" duration-ms="119" started-at="2019-02-21T00:55:17Z" finished-at="2019-02-21T00:55:17Z">
      <class name="DataDrivenProject.UshaTestAutomation.sampleTestTest">
        <test-method status="PASS" signature="BeforeTest()[pri:0, instance:DataDrivenProject.UshaTestAutomation.sampleTestTest@13e39c73]" name="BeforeTest" is-config="true" duration-ms="39" started-at="2019-02-21T00:55:17Z" finished-at="2019-02-21T00:55:17Z">
          <reporter-output>
          </reporter-output>
        </test-method> <!-- BeforeTest -->
        <test-method status="PASS" signature="beforeclass()[pri:0, instance:DataDrivenProject.UshaTestAutomation.sampleTestTest@13e39c73]" name="beforeclass" is-config="true" duration-ms="1" started-at="2019-02-21T00:55:17Z" finished-at="2019-02-21T00:55:17Z">
          <reporter-output>
          </reporter-output>
        </test-method> <!-- beforeclass -->
        <test-method status="PASS" signature="Test()[pri:0, instance:DataDrivenProject.UshaTestAutomation.sampleTestTest@13e39c73]" name="Test" duration-ms="13" started-at="2019-02-21T00:55:17Z" finished-at="2019-02-21T00:55:17Z">
          <reporter-output>
          </reporter-output>
        </test-method> <!-- Test -->
        <test-method status="PASS" signature="Afteaclass()[pri:0, instance:DataDrivenProject.UshaTestAutomation.sampleTestTest@13e39c73]" name="Afteaclass" is-config="true" duration-ms="0" started-at="2019-02-21T00:55:17Z" finished-at="2019-02-21T00:55:17Z">
          <reporter-output>
          </reporter-output>
        </test-method> <!-- Afteaclass -->
      </class> <!-- DataDrivenProject.UshaTestAutomation.sampleTestTest -->
    </test> <!-- Test -->
  </suite> <!-- Suite -->
</testng-results>
